2017-11-07 18:24:37,301 INFO Experiment.info.1000 # output generated by ../solutions/lesson3.py make count_lines
                                                  # job started at Tue Nov  7 18:24:37 2017 on sharc-node003.shef.ac.uk -- 978474da-01ac-4389-b9cc-82c40a45e3dd
                                                  # pid: 89786, system: Linux 3.10.0-693.5.2.el7.x86_64 #1 SMP Fri Oct 20 20:32:50 UTC 2017 x86_64
2017-11-07 18:24:37,301 INFO Experiment.info.1000 code location: /home/mb1ims/devel/CGATPipelines/scripts
2017-11-07 18:24:37,301 INFO Experiment.info.1000 Working directory is: /home/mb1ims/devel/pipeline_tutorial/lessons
2017-11-07 18:24:37,588 INFO task.pipeline_run.5664 
2017-11-07 18:24:37,588 INFO task.pipeline_run.5665 ________________________________________
2017-11-07 18:24:37,588 INFO task.pipeline_run.5666 Tasks which will be run:
2017-11-07 18:24:37,588 INFO task.pipeline_run.5667 
2017-11-07 18:24:37,589 INFO task.pipeline_run.5668 
2017-11-07 18:24:37,598 INFO task.log_at_level.256 Task enters queue = 'count_lines' 
2017-11-07 18:25:41,184 INFO Experiment.info.1000 # output generated by ../solutions/lesson3.py make count_lines -p1
                                                  # job started at Tue Nov  7 18:25:41 2017 on sharc-node003.shef.ac.uk -- 916f134f-3647-42c3-a60f-a376e41770f7
                                                  # pid: 90437, system: Linux 3.10.0-693.5.2.el7.x86_64 #1 SMP Fri Oct 20 20:32:50 UTC 2017 x86_64
2017-11-07 18:25:41,184 INFO Experiment.info.1000 code location: /home/mb1ims/devel/CGATPipelines/scripts
2017-11-07 18:25:41,184 INFO Experiment.info.1000 Working directory is: /home/mb1ims/devel/pipeline_tutorial/lessons
2017-11-07 18:25:41,196 INFO task.pipeline_run.5664 
2017-11-07 18:25:41,197 INFO task.pipeline_run.5665 ________________________________________
2017-11-07 18:25:41,197 INFO task.pipeline_run.5666 Tasks which will be run:
2017-11-07 18:25:41,197 INFO task.pipeline_run.5667 
2017-11-07 18:25:41,197 INFO task.pipeline_run.5668 
2017-11-07 18:25:41,208 INFO task.log_at_level.256 Task enters queue = 'count_lines' 
2017-11-07 18:25:42,221 INFO Experiment.info.1000 running statement:
                                                  zcat test1.fastq.gz | wc -l > test1.nlines
2017-11-07 18:25:42,245 INFO Experiment.info.1000 running statement:
                                                  zcat test2.fastq.gz | wc -l > test2.nlines
2017-11-07 18:25:42,263 INFO Experiment.info.1000 running statement:
                                                  zcat test3.fastq.gz | wc -l > test3.nlines
2017-11-07 18:25:42,278 INFO Experiment.info.1000 running statement:
                                                  zcat test4.fastq.gz | wc -l > test4.nlines
2017-11-07 18:25:42,292 INFO Experiment.info.1000 running statement:
                                                  zcat test5.fastq.gz | wc -l > test5.nlines
2017-11-07 18:25:42,307 INFO task.log_at_level.256 Completed Task = 'count_lines' 
2017-11-07 18:25:42,312 INFO Experiment.info.1000 # job finished in 1 seconds at Tue Nov  7 18:25:42 2017 --  1.18  0.85  0.03  0.05 -- 916f134f-3647-42c3-a60f-a376e41770f7
2017-11-07 18:34:29,267 INFO Experiment.info.1000 # output generated by ../solutions/lesson3.py make count_lines -p1
                                                  # job started at Tue Nov  7 18:34:29 2017 on sharc-node003.shef.ac.uk -- 253219b1-2da4-414b-923a-981fd5fe25d0
                                                  # pid: 95022, system: Linux 3.10.0-693.5.2.el7.x86_64 #1 SMP Fri Oct 20 20:32:50 UTC 2017 x86_64
2017-11-07 18:34:29,267 INFO Experiment.info.1000 code location: /home/mb1ims/devel/CGATPipelines/scripts
2017-11-07 18:34:29,267 INFO Experiment.info.1000 Working directory is: /home/mb1ims/devel/pipeline_tutorial/lessons
2017-11-07 18:34:29,277 INFO task.pipeline_run.5664 
2017-11-07 18:34:29,277 INFO task.pipeline_run.5665 ________________________________________
2017-11-07 18:34:29,277 INFO task.pipeline_run.5666 Tasks which will be run:
2017-11-07 18:34:29,277 INFO task.pipeline_run.5667 
2017-11-07 18:34:29,278 INFO task.pipeline_run.5668 
2017-11-07 18:34:29,291 INFO task.log_at_level.256 Task enters queue = 'count_lines' 
2017-11-07 18:34:30,305 INFO Experiment.info.1000 running statement:
                                                  zcat test1.fastq.gz | wc -l > test1.nlines
2017-11-07 18:34:30,343 INFO Experiment.info.1000 running statement:
                                                  zcat test2.fastq.gz | wc -l > test2.nlines
2017-11-07 18:34:30,361 INFO Experiment.info.1000 running statement:
                                                  zcat test3.fastq.gz | wc -l > test3.nlines
2017-11-07 18:34:30,380 INFO Experiment.info.1000 running statement:
                                                  zcat test4.fastq.gz | wc -l > test4.nlines
2017-11-07 18:34:30,395 INFO Experiment.info.1000 running statement:
                                                  zcat test5.fastq.gz | wc -l > test5.nlines
2017-11-07 18:34:30,410 INFO task.log_at_level.256 Completed Task = 'count_lines' 
2017-11-07 18:34:30,415 INFO Experiment.info.1000 # job finished in 1 seconds at Tue Nov  7 18:34:30 2017 --  1.19  0.70  0.03  0.05 -- 253219b1-2da4-414b-923a-981fd5fe25d0
